2023-08-05 00:00:02,664 ERROR org.telegram.telegrambots.updatesreceivers.DefaultBotSession$HandlerThread [GreenJokerEn_bot Telegram Executor] null
java.lang.NullPointerException: null
	at by.semashko.greenjokerquestbot.bot.handler.member.BotJoinChatMemberHandler.handleChatMember(BotJoinChatMemberHandler.java:25)
	at by.semashko.greenjokerquestbot.bot.UpdateReceiver.handleUpdate(UpdateReceiver.java:43)
	at by.semashko.greenjokerquestbot.bot.GJBot.onUpdateReceived(GJBot.java:49)
	at java.base/java.util.ArrayList.forEach(ArrayList.java:1541)
	at org.telegram.telegrambots.meta.generics.LongPollingBot.onUpdatesReceived(LongPollingBot.java:27)
	at org.telegram.telegrambots.updatesreceivers.DefaultBotSession$HandlerThread.run(DefaultBotSession.java:317)
2023-08-05 00:00:24,218 INFO org.springframework.orm.jpa.AbstractEntityManagerFactoryBean [SpringApplicationShutdownHook] Closing JPA EntityManagerFactory for persistence unit 'default'
2023-08-05 00:00:24,220 INFO com.zaxxer.hikari.HikariDataSource [SpringApplicationShutdownHook] HikariPool-1 - Shutdown initiated...
2023-08-05 00:00:24,225 INFO com.zaxxer.hikari.HikariDataSource [SpringApplicationShutdownHook] HikariPool-1 - Shutdown completed.
2023-08-05 00:00:26,615 INFO org.springframework.boot.StartupInfoLogger [restartedMain] Starting GreenjokerquestbotApplication using Java 11.0.17 on sema-HP-Pavilion-Gaming-Laptop-15-cx0xxx with PID 13688 (/home/sema/IdeaProjects/greenjockerbot/greenJockerQuestBot/greenJockerQuestBot-master/target/classes started by sema in /home/sema/IdeaProjects/greenjockerbot/greenJockerQuestBot/greenJockerQuestBot-master)
2023-08-05 00:00:26,617 INFO org.springframework.boot.SpringApplication [restartedMain] No active profile set, falling back to 1 default profile: "default"
2023-08-05 00:00:26,654 INFO org.springframework.boot.logging.DeferredLog [restartedMain] Devtools property defaults active! Set 'spring.devtools.add-properties' to 'false' to disable
2023-08-05 00:00:26,655 INFO org.springframework.boot.logging.DeferredLog [restartedMain] For additional web related logging consider setting the 'logging.level.web' property to 'DEBUG'
2023-08-05 00:00:27,066 INFO org.springframework.data.repository.config.RepositoryConfigurationDelegate [restartedMain] Bootstrapping Spring Data JPA repositories in DEFAULT mode.
2023-08-05 00:00:27,112 INFO org.springframework.data.repository.config.RepositoryConfigurationDelegate [restartedMain] Finished Spring Data repository scanning in 40 ms. Found 2 JPA repository interfaces.
2023-08-05 00:00:27,499 INFO org.springframework.boot.web.embedded.tomcat.TomcatWebServer [restartedMain] Tomcat initialized with port(s): 8080 (http)
2023-08-05 00:00:27,505 INFO org.apache.juli.logging.DirectJDKLog [restartedMain] Initializing ProtocolHandler ["http-nio-8080"]
2023-08-05 00:00:27,505 INFO org.apache.juli.logging.DirectJDKLog [restartedMain] Starting service [Tomcat]
2023-08-05 00:00:27,505 INFO org.apache.juli.logging.DirectJDKLog [restartedMain] Starting Servlet engine: [Apache Tomcat/9.0.62]
2023-08-05 00:00:27,544 INFO org.apache.juli.logging.DirectJDKLog [restartedMain] Initializing Spring embedded WebApplicationContext
2023-08-05 00:00:27,544 INFO org.springframework.boot.web.servlet.context.ServletWebServerApplicationContext [restartedMain] Root WebApplicationContext: initialization completed in 888 ms
2023-08-05 00:00:27,648 INFO org.hibernate.jpa.internal.util.LogHelper [restartedMain] HHH000204: Processing PersistenceUnitInfo [name: default]
2023-08-05 00:00:27,678 INFO org.hibernate.Version [restartedMain] HHH000412: Hibernate ORM core version 5.6.8.Final
2023-08-05 00:00:27,778 INFO org.hibernate.annotations.common.reflection.java.JavaReflectionManager [restartedMain] HCANN000001: Hibernate Commons Annotations {5.1.2.Final}
2023-08-05 00:00:27,846 INFO com.zaxxer.hikari.HikariDataSource [restartedMain] HikariPool-1 - Starting...
2023-08-05 00:00:27,927 INFO com.zaxxer.hikari.HikariDataSource [restartedMain] HikariPool-1 - Start completed.
2023-08-05 00:00:27,941 INFO org.hibernate.dialect.Dialect [restartedMain] HHH000400: Using dialect: org.hibernate.dialect.MySQL8Dialect
2023-08-05 00:00:28,336 INFO org.hibernate.engine.transaction.jta.platform.internal.JtaPlatformInitiator [restartedMain] HHH000490: Using JtaPlatform implementation: [org.hibernate.engine.transaction.jta.platform.internal.NoJtaPlatform]
2023-08-05 00:00:28,343 INFO org.springframework.orm.jpa.AbstractEntityManagerFactoryBean [restartedMain] Initialized JPA EntityManagerFactory for persistence unit 'default'
2023-08-05 00:00:28,769 WARN org.springframework.boot.autoconfigure.orm.jpa.JpaBaseConfiguration$JpaWebConfiguration [restartedMain] spring.jpa.open-in-view is enabled by default. Therefore, database queries may be performed during view rendering. Explicitly configure spring.jpa.open-in-view to disable this warning
2023-08-05 00:00:28,973 INFO org.springframework.boot.devtools.autoconfigure.OptionalLiveReloadServer [restartedMain] LiveReload server is running on port 35729
2023-08-05 00:00:29,674 INFO org.apache.juli.logging.DirectJDKLog [restartedMain] Starting ProtocolHandler ["http-nio-8080"]
2023-08-05 00:00:29,685 INFO org.springframework.boot.web.embedded.tomcat.TomcatWebServer [restartedMain] Tomcat started on port(s): 8080 (http) with context path ''
2023-08-05 00:00:29,693 INFO org.springframework.boot.StartupInfoLogger [restartedMain] Started GreenjokerquestbotApplication in 3.392 seconds (JVM running for 4.172)
2023-08-05 00:00:41,377 INFO by.semashko.greenjokerquestbot.bot.handler.message.SettingMessageHandler [GreenJokerEn_bot Telegram Executor] 17820
2023-08-05 00:00:41,378 INFO by.semashko.greenjokerquestbot.bot.handler.message.SettingMessageHandler [GreenJokerEn_bot Telegram Executor] https://bobr.en.cx/
2023-08-05 01:00:50,598 INFO org.springframework.orm.jpa.AbstractEntityManagerFactoryBean [SpringApplicationShutdownHook] Closing JPA EntityManagerFactory for persistence unit 'default'
2023-08-05 01:00:50,601 INFO com.zaxxer.hikari.HikariDataSource [SpringApplicationShutdownHook] HikariPool-1 - Shutdown initiated...
2023-08-05 01:00:50,604 INFO com.zaxxer.hikari.HikariDataSource [SpringApplicationShutdownHook] HikariPool-1 - Shutdown completed.
