2022-04-29 19:39:34,285 INFO org.springframework.boot.StartupInfoLogger [restartedMain] Starting GreenjokerquestbotApplication using Java 11.0.14 on DESKTOP-U6B0CBP with PID 1540 (C:\Users\93_vi\IdeaProjects\greenjokerbot\target\classes started by 93_vi in C:\Users\93_vi\IdeaProjects\greenjokerbot)
2022-04-29 19:39:34,289 INFO org.springframework.boot.SpringApplication [restartedMain] No active profile set, falling back to 1 default profile: "default"
2022-04-29 19:39:34,328 INFO org.springframework.boot.logging.DeferredLog [restartedMain] Devtools property defaults active! Set 'spring.devtools.add-properties' to 'false' to disable
2022-04-29 19:39:34,328 INFO org.springframework.boot.logging.DeferredLog [restartedMain] For additional web related logging consider setting the 'logging.level.web' property to 'DEBUG'
2022-04-29 19:39:35,235 INFO org.springframework.boot.web.embedded.tomcat.TomcatWebServer [restartedMain] Tomcat initialized with port(s): 8080 (http)
2022-04-29 19:39:35,247 INFO org.apache.juli.logging.DirectJDKLog [restartedMain] Initializing ProtocolHandler ["http-nio-8080"]
2022-04-29 19:39:35,247 INFO org.apache.juli.logging.DirectJDKLog [restartedMain] Starting service [Tomcat]
2022-04-29 19:39:35,247 INFO org.apache.juli.logging.DirectJDKLog [restartedMain] Starting Servlet engine: [Apache Tomcat/9.0.62]
2022-04-29 19:39:35,372 INFO org.apache.juli.logging.DirectJDKLog [restartedMain] Initializing Spring embedded WebApplicationContext
2022-04-29 19:39:35,372 INFO org.springframework.boot.web.servlet.context.ServletWebServerApplicationContext [restartedMain] Root WebApplicationContext: initialization completed in 1043 ms
2022-04-29 19:39:36,045 INFO org.springframework.boot.devtools.autoconfigure.OptionalLiveReloadServer [restartedMain] LiveReload server is running on port 35729
2022-04-29 19:39:36,648 INFO org.apache.juli.logging.DirectJDKLog [restartedMain] Starting ProtocolHandler ["http-nio-8080"]
2022-04-29 19:39:36,668 INFO org.springframework.boot.web.embedded.tomcat.TomcatWebServer [restartedMain] Tomcat started on port(s): 8080 (http) with context path ''
2022-04-29 19:39:36,682 INFO org.springframework.boot.StartupInfoLogger [restartedMain] Started GreenjokerquestbotApplication in 2.732 seconds (JVM running for 3.797)
2022-04-29 20:16:12,422 INFO org.springframework.boot.StartupInfoLogger [restartedMain] Starting GreenjokerquestbotApplication using Java 11.0.14 on DESKTOP-U6B0CBP with PID 10308 (C:\Users\93_vi\IdeaProjects\greenjokerbot\target\classes started by 93_vi in C:\Users\93_vi\IdeaProjects\greenjokerbot)
2022-04-29 20:16:12,425 INFO org.springframework.boot.SpringApplication [restartedMain] No active profile set, falling back to 1 default profile: "default"
2022-04-29 20:16:12,461 INFO org.springframework.boot.logging.DeferredLog [restartedMain] Devtools property defaults active! Set 'spring.devtools.add-properties' to 'false' to disable
2022-04-29 20:16:12,462 INFO org.springframework.boot.logging.DeferredLog [restartedMain] For additional web related logging consider setting the 'logging.level.web' property to 'DEBUG'
2022-04-29 20:16:13,289 INFO org.springframework.boot.web.embedded.tomcat.TomcatWebServer [restartedMain] Tomcat initialized with port(s): 8080 (http)
2022-04-29 20:16:13,296 INFO org.apache.juli.logging.DirectJDKLog [restartedMain] Initializing ProtocolHandler ["http-nio-8080"]
2022-04-29 20:16:13,297 INFO org.apache.juli.logging.DirectJDKLog [restartedMain] Starting service [Tomcat]
2022-04-29 20:16:13,297 INFO org.apache.juli.logging.DirectJDKLog [restartedMain] Starting Servlet engine: [Apache Tomcat/9.0.62]
2022-04-29 20:16:13,382 INFO org.apache.juli.logging.DirectJDKLog [restartedMain] Initializing Spring embedded WebApplicationContext
2022-04-29 20:16:13,383 INFO org.springframework.boot.web.servlet.context.ServletWebServerApplicationContext [restartedMain] Root WebApplicationContext: initialization completed in 921 ms
2022-04-29 20:16:13,904 INFO org.springframework.boot.devtools.autoconfigure.OptionalLiveReloadServer [restartedMain] LiveReload server is running on port 35729
2022-04-29 20:16:14,508 INFO org.apache.juli.logging.DirectJDKLog [restartedMain] Starting ProtocolHandler ["http-nio-8080"]
2022-04-29 20:16:14,541 INFO org.springframework.boot.web.embedded.tomcat.TomcatWebServer [restartedMain] Tomcat started on port(s): 8080 (http) with context path ''
2022-04-29 20:16:14,558 INFO org.springframework.boot.StartupInfoLogger [restartedMain] Started GreenjokerquestbotApplication in 2.436 seconds (JVM running for 3.387)
2022-04-29 20:16:26,732 ERROR org.telegram.telegrambots.updatesreceivers.DefaultBotSession$HandlerThread [GreenJokerEn_bot Telegram Executor] text is marked non-null but is null
java.lang.NullPointerException: text is marked non-null but is null
	at org.telegram.telegrambots.meta.api.methods.send.SendMessage.setText(SendMessage.java:35)
	at by.semashko.greenjokerquestbot.bot.keyboard.InlineKeyboardMarkupBuilder.build(InlineKeyboardMarkupBuilder.java:70)
	at by.semashko.greenjokerquestbot.bot.handler.message.StartMessageHandler.getMenu(StartMessageHandler.java:40)
	at by.semashko.greenjokerquestbot.bot.handler.message.StartMessageHandler.handle(StartMessageHandler.java:32)
	at by.semashko.greenjokerquestbot.bot.handler.BotEventHandler.handleTextMessageByEvent(BotEventHandler.java:35)
	at by.semashko.greenjokerquestbot.bot.UpdateReceiver.handleUpdate(UpdateReceiver.java:39)
	at by.semashko.greenjokerquestbot.bot.GJBot.onUpdateReceived(GJBot.java:44)
	at java.base/java.util.ArrayList.forEach(ArrayList.java:1541)
	at org.telegram.telegrambots.meta.generics.LongPollingBot.onUpdatesReceived(LongPollingBot.java:27)
	at org.telegram.telegrambots.updatesreceivers.DefaultBotSession$HandlerThread.run(DefaultBotSession.java:317)
2022-04-29 20:18:14,126 ERROR org.telegram.telegrambots.updatesreceivers.DefaultBotSession$HandlerThread [GreenJokerEn_bot Telegram Executor] text is marked non-null but is null
java.lang.NullPointerException: text is marked non-null but is null
	at org.telegram.telegrambots.meta.api.methods.send.SendMessage.setText(SendMessage.java:35)
	at by.semashko.greenjokerquestbot.bot.keyboard.InlineKeyboardMarkupBuilder.build(InlineKeyboardMarkupBuilder.java:70)
	at by.semashko.greenjokerquestbot.bot.handler.message.StartMessageHandler.getMenu(StartMessageHandler.java:40)
	at by.semashko.greenjokerquestbot.bot.handler.message.StartMessageHandler.handle(StartMessageHandler.java:32)
	at by.semashko.greenjokerquestbot.bot.handler.BotEventHandler.handleTextMessageByEvent(BotEventHandler.java:35)
	at by.semashko.greenjokerquestbot.bot.UpdateReceiver.handleUpdate(UpdateReceiver.java:39)
	at by.semashko.greenjokerquestbot.bot.GJBot.onUpdateReceived(GJBot.java:44)
	at java.base/java.util.ArrayList.forEach(ArrayList.java:1541)
	at org.telegram.telegrambots.meta.generics.LongPollingBot.onUpdatesReceived(LongPollingBot.java:27)
	at org.telegram.telegrambots.updatesreceivers.DefaultBotSession$HandlerThread.run(DefaultBotSession.java:317)
2022-04-29 20:18:19,086 ERROR org.telegram.telegrambots.updatesreceivers.DefaultBotSession$HandlerThread [GreenJokerEn_bot Telegram Executor] text is marked non-null but is null
java.lang.NullPointerException: text is marked non-null but is null
	at org.telegram.telegrambots.meta.api.methods.send.SendMessage.setText(SendMessage.java:35)
	at by.semashko.greenjokerquestbot.bot.keyboard.InlineKeyboardMarkupBuilder.build(InlineKeyboardMarkupBuilder.java:70)
	at by.semashko.greenjokerquestbot.bot.handler.message.StartMessageHandler.getMenu(StartMessageHandler.java:40)
	at by.semashko.greenjokerquestbot.bot.handler.message.StartMessageHandler.handle(StartMessageHandler.java:32)
	at by.semashko.greenjokerquestbot.bot.handler.BotEventHandler.handleTextMessageByEvent(BotEventHandler.java:35)
	at by.semashko.greenjokerquestbot.bot.UpdateReceiver.handleUpdate(UpdateReceiver.java:39)
	at by.semashko.greenjokerquestbot.bot.GJBot.onUpdateReceived(GJBot.java:44)
	at java.base/java.util.ArrayList.forEach(ArrayList.java:1541)
	at org.telegram.telegrambots.meta.generics.LongPollingBot.onUpdatesReceived(LongPollingBot.java:27)
	at org.telegram.telegrambots.updatesreceivers.DefaultBotSession$HandlerThread.run(DefaultBotSession.java:317)
2022-04-29 20:23:25,020 ERROR org.telegram.telegrambots.updatesreceivers.DefaultBotSession$HandlerThread [GreenJokerEn_bot Telegram Executor] text is marked non-null but is null
java.lang.NullPointerException: text is marked non-null but is null
	at org.telegram.telegrambots.meta.api.methods.send.SendMessage.setText(SendMessage.java:35)
	at by.semashko.greenjokerquestbot.bot.keyboard.InlineKeyboardMarkupBuilder.build(InlineKeyboardMarkupBuilder.java:70)
	at by.semashko.greenjokerquestbot.bot.handler.message.StartMessageHandler.getMenu(StartMessageHandler.java:40)
	at by.semashko.greenjokerquestbot.bot.handler.message.StartMessageHandler.handle(StartMessageHandler.java:32)
	at by.semashko.greenjokerquestbot.bot.handler.BotEventHandler.handleTextMessageByEvent(BotEventHandler.java:35)
	at by.semashko.greenjokerquestbot.bot.UpdateReceiver.handleUpdate(UpdateReceiver.java:39)
	at by.semashko.greenjokerquestbot.bot.GJBot.onUpdateReceived(GJBot.java:44)
	at java.base/java.util.ArrayList.forEach(ArrayList.java:1541)
	at org.telegram.telegrambots.meta.generics.LongPollingBot.onUpdatesReceived(LongPollingBot.java:27)
	at org.telegram.telegrambots.updatesreceivers.DefaultBotSession$HandlerThread.run(DefaultBotSession.java:317)
2022-04-29 20:27:08,121 ERROR org.telegram.telegrambots.updatesreceivers.DefaultBotSession$HandlerThread [GreenJokerEn_bot Telegram Executor] text is marked non-null but is null
java.lang.NullPointerException: text is marked non-null but is null
	at org.telegram.telegrambots.meta.api.methods.send.SendMessage.setText(SendMessage.java:35)
	at by.semashko.greenjokerquestbot.bot.keyboard.InlineKeyboardMarkupBuilder.build(InlineKeyboardMarkupBuilder.java:70)
	at by.semashko.greenjokerquestbot.bot.handler.message.StartMessageHandler.getMenu(StartMessageHandler.java:40)
	at by.semashko.greenjokerquestbot.bot.handler.message.StartMessageHandler.handle(StartMessageHandler.java:32)
	at by.semashko.greenjokerquestbot.bot.handler.BotEventHandler.handleTextMessageByEvent(BotEventHandler.java:35)
	at by.semashko.greenjokerquestbot.bot.UpdateReceiver.handleUpdate(UpdateReceiver.java:39)
	at by.semashko.greenjokerquestbot.bot.GJBot.onUpdateReceived(GJBot.java:44)
	at java.base/java.util.ArrayList.forEach(ArrayList.java:1541)
	at org.telegram.telegrambots.meta.generics.LongPollingBot.onUpdatesReceived(LongPollingBot.java:27)
	at org.telegram.telegrambots.updatesreceivers.DefaultBotSession$HandlerThread.run(DefaultBotSession.java:317)
2022-04-29 20:27:20,157 INFO org.springframework.boot.StartupInfoLogger [restartedMain] Starting GreenjokerquestbotApplication using Java 11.0.14 on DESKTOP-U6B0CBP with PID 12840 (C:\Users\93_vi\IdeaProjects\greenjokerbot\target\classes started by 93_vi in C:\Users\93_vi\IdeaProjects\greenjokerbot)
2022-04-29 20:27:20,160 INFO org.springframework.boot.SpringApplication [restartedMain] No active profile set, falling back to 1 default profile: "default"
2022-04-29 20:27:20,195 INFO org.springframework.boot.logging.DeferredLog [restartedMain] Devtools property defaults active! Set 'spring.devtools.add-properties' to 'false' to disable
2022-04-29 20:27:20,196 INFO org.springframework.boot.logging.DeferredLog [restartedMain] For additional web related logging consider setting the 'logging.level.web' property to 'DEBUG'
2022-04-29 20:27:21,074 INFO org.springframework.boot.web.embedded.tomcat.TomcatWebServer [restartedMain] Tomcat initialized with port(s): 8080 (http)
2022-04-29 20:27:21,092 INFO org.apache.juli.logging.DirectJDKLog [restartedMain] Initializing ProtocolHandler ["http-nio-8080"]
2022-04-29 20:27:21,093 INFO org.apache.juli.logging.DirectJDKLog [restartedMain] Starting service [Tomcat]
2022-04-29 20:27:21,093 INFO org.apache.juli.logging.DirectJDKLog [restartedMain] Starting Servlet engine: [Apache Tomcat/9.0.62]
2022-04-29 20:27:21,232 INFO org.apache.juli.logging.DirectJDKLog [restartedMain] Initializing Spring embedded WebApplicationContext
2022-04-29 20:27:21,233 INFO org.springframework.boot.web.servlet.context.ServletWebServerApplicationContext [restartedMain] Root WebApplicationContext: initialization completed in 1037 ms
2022-04-29 20:27:21,872 INFO org.springframework.boot.devtools.autoconfigure.OptionalLiveReloadServer [restartedMain] LiveReload server is running on port 35729
2022-04-29 20:27:22,416 INFO org.apache.juli.logging.DirectJDKLog [restartedMain] Starting ProtocolHandler ["http-nio-8080"]
2022-04-29 20:27:22,434 INFO org.springframework.boot.web.embedded.tomcat.TomcatWebServer [restartedMain] Tomcat started on port(s): 8080 (http) with context path ''
2022-04-29 20:27:22,447 INFO org.springframework.boot.StartupInfoLogger [restartedMain] Started GreenjokerquestbotApplication in 2.579 seconds (JVM running for 3.482)
2022-04-29 20:39:06,905 INFO org.springframework.boot.StartupInfoLogger [restartedMain] Starting GreenjokerquestbotApplication using Java 11.0.14 on DESKTOP-U6B0CBP with PID 4592 (C:\Users\93_vi\IdeaProjects\greenjokerbot\target\classes started by 93_vi in C:\Users\93_vi\IdeaProjects\greenjokerbot)
2022-04-29 20:39:06,908 INFO org.springframework.boot.SpringApplication [restartedMain] No active profile set, falling back to 1 default profile: "default"
2022-04-29 20:39:06,945 INFO org.springframework.boot.logging.DeferredLog [restartedMain] Devtools property defaults active! Set 'spring.devtools.add-properties' to 'false' to disable
2022-04-29 20:39:06,945 INFO org.springframework.boot.logging.DeferredLog [restartedMain] For additional web related logging consider setting the 'logging.level.web' property to 'DEBUG'
2022-04-29 20:39:07,842 INFO org.springframework.boot.web.embedded.tomcat.TomcatWebServer [restartedMain] Tomcat initialized with port(s): 8080 (http)
2022-04-29 20:39:07,850 INFO org.apache.juli.logging.DirectJDKLog [restartedMain] Initializing ProtocolHandler ["http-nio-8080"]
2022-04-29 20:39:07,851 INFO org.apache.juli.logging.DirectJDKLog [restartedMain] Starting service [Tomcat]
2022-04-29 20:39:07,851 INFO org.apache.juli.logging.DirectJDKLog [restartedMain] Starting Servlet engine: [Apache Tomcat/9.0.62]
2022-04-29 20:39:07,959 INFO org.apache.juli.logging.DirectJDKLog [restartedMain] Initializing Spring embedded WebApplicationContext
2022-04-29 20:39:07,959 INFO org.springframework.boot.web.servlet.context.ServletWebServerApplicationContext [restartedMain] Root WebApplicationContext: initialization completed in 1013 ms
2022-04-29 20:39:08,582 INFO org.springframework.boot.devtools.autoconfigure.OptionalLiveReloadServer [restartedMain] LiveReload server is running on port 35729
2022-04-29 20:39:09,186 INFO org.apache.juli.logging.DirectJDKLog [restartedMain] Starting ProtocolHandler ["http-nio-8080"]
2022-04-29 20:39:09,225 INFO org.springframework.boot.web.embedded.tomcat.TomcatWebServer [restartedMain] Tomcat started on port(s): 8080 (http) with context path ''
2022-04-29 20:39:09,258 INFO org.springframework.boot.StartupInfoLogger [restartedMain] Started GreenjokerquestbotApplication in 2.65 seconds (JVM running for 3.554)
2022-04-29 20:51:16,015 INFO org.springframework.boot.StartupInfoLogger [restartedMain] Starting GreenjokerquestbotApplication using Java 11.0.14 on DESKTOP-U6B0CBP with PID 10856 (C:\Users\93_vi\IdeaProjects\greenjokerbot\target\classes started by 93_vi in C:\Users\93_vi\IdeaProjects\greenjokerbot)
2022-04-29 20:51:16,017 INFO org.springframework.boot.SpringApplication [restartedMain] No active profile set, falling back to 1 default profile: "default"
2022-04-29 20:51:16,053 INFO org.springframework.boot.logging.DeferredLog [restartedMain] Devtools property defaults active! Set 'spring.devtools.add-properties' to 'false' to disable
2022-04-29 20:51:16,053 INFO org.springframework.boot.logging.DeferredLog [restartedMain] For additional web related logging consider setting the 'logging.level.web' property to 'DEBUG'
2022-04-29 20:51:16,955 INFO org.springframework.boot.web.embedded.tomcat.TomcatWebServer [restartedMain] Tomcat initialized with port(s): 8080 (http)
2022-04-29 20:51:16,963 INFO org.apache.juli.logging.DirectJDKLog [restartedMain] Initializing ProtocolHandler ["http-nio-8080"]
2022-04-29 20:51:16,965 INFO org.apache.juli.logging.DirectJDKLog [restartedMain] Starting service [Tomcat]
2022-04-29 20:51:16,965 INFO org.apache.juli.logging.DirectJDKLog [restartedMain] Starting Servlet engine: [Apache Tomcat/9.0.62]
2022-04-29 20:51:17,063 INFO org.apache.juli.logging.DirectJDKLog [restartedMain] Initializing Spring embedded WebApplicationContext
2022-04-29 20:51:17,063 INFO org.springframework.boot.web.servlet.context.ServletWebServerApplicationContext [restartedMain] Root WebApplicationContext: initialization completed in 1009 ms
2022-04-29 20:51:17,684 INFO org.springframework.boot.devtools.autoconfigure.OptionalLiveReloadServer [restartedMain] LiveReload server is running on port 35729
2022-04-29 20:51:18,268 INFO org.apache.juli.logging.DirectJDKLog [restartedMain] Starting ProtocolHandler ["http-nio-8080"]
2022-04-29 20:51:18,286 INFO org.springframework.boot.web.embedded.tomcat.TomcatWebServer [restartedMain] Tomcat started on port(s): 8080 (http) with context path ''
2022-04-29 20:51:18,302 INFO org.springframework.boot.StartupInfoLogger [restartedMain] Started GreenjokerquestbotApplication in 2.588 seconds (JVM running for 3.494)
2022-04-29 21:08:20,776 INFO org.springframework.boot.StartupInfoLogger [restartedMain] Starting GreenjokerquestbotApplication using Java 11.0.14 on DESKTOP-U6B0CBP with PID 13404 (C:\Users\93_vi\IdeaProjects\greenjokerbot\target\classes started by 93_vi in C:\Users\93_vi\IdeaProjects\greenjokerbot)
2022-04-29 21:08:20,779 INFO org.springframework.boot.SpringApplication [restartedMain] No active profile set, falling back to 1 default profile: "default"
2022-04-29 21:08:20,814 INFO org.springframework.boot.logging.DeferredLog [restartedMain] Devtools property defaults active! Set 'spring.devtools.add-properties' to 'false' to disable
2022-04-29 21:08:20,815 INFO org.springframework.boot.logging.DeferredLog [restartedMain] For additional web related logging consider setting the 'logging.level.web' property to 'DEBUG'
2022-04-29 21:08:21,656 INFO org.springframework.boot.web.embedded.tomcat.TomcatWebServer [restartedMain] Tomcat initialized with port(s): 8080 (http)
2022-04-29 21:08:21,664 INFO org.apache.juli.logging.DirectJDKLog [restartedMain] Initializing ProtocolHandler ["http-nio-8080"]
2022-04-29 21:08:21,664 INFO org.apache.juli.logging.DirectJDKLog [restartedMain] Starting service [Tomcat]
2022-04-29 21:08:21,664 INFO org.apache.juli.logging.DirectJDKLog [restartedMain] Starting Servlet engine: [Apache Tomcat/9.0.62]
2022-04-29 21:08:21,751 INFO org.apache.juli.logging.DirectJDKLog [restartedMain] Initializing Spring embedded WebApplicationContext
2022-04-29 21:08:21,752 INFO org.springframework.boot.web.servlet.context.ServletWebServerApplicationContext [restartedMain] Root WebApplicationContext: initialization completed in 937 ms
2022-04-29 21:08:22,269 INFO org.springframework.boot.devtools.autoconfigure.OptionalLiveReloadServer [restartedMain] LiveReload server is running on port 35729
2022-04-29 21:08:22,843 INFO org.apache.juli.logging.DirectJDKLog [restartedMain] Starting ProtocolHandler ["http-nio-8080"]
2022-04-29 21:08:22,870 INFO org.springframework.boot.web.embedded.tomcat.TomcatWebServer [restartedMain] Tomcat started on port(s): 8080 (http) with context path ''
2022-04-29 21:08:22,893 INFO org.springframework.boot.StartupInfoLogger [restartedMain] Started GreenjokerquestbotApplication in 2.41 seconds (JVM running for 3.348)
2022-04-29 21:08:36,099 ERROR org.telegram.telegrambots.updatesreceivers.DefaultBotSession$HandlerThread [GreenJokerEn_bot Telegram Executor] text is marked non-null but is null
java.lang.NullPointerException: text is marked non-null but is null
	at org.telegram.telegrambots.meta.api.methods.send.SendMessage.setText(SendMessage.java:35)
	at by.semashko.greenjokerquestbot.bot.keyboard.InlineKeyboardMarkupBuilder.build(InlineKeyboardMarkupBuilder.java:70)
	at by.semashko.greenjokerquestbot.bot.handler.message.SettingMessageHandler.getButtonAddToChat(SettingMessageHandler.java:35)
	at by.semashko.greenjokerquestbot.bot.handler.message.SettingMessageHandler.handle(SettingMessageHandler.java:27)
	at by.semashko.greenjokerquestbot.bot.handler.BotEventHandler.handleTextMessageByEvent(BotEventHandler.java:35)
	at by.semashko.greenjokerquestbot.bot.UpdateReceiver.handleUpdate(UpdateReceiver.java:39)
	at by.semashko.greenjokerquestbot.bot.GJBot.onUpdateReceived(GJBot.java:44)
	at java.base/java.util.ArrayList.forEach(ArrayList.java:1541)
	at org.telegram.telegrambots.meta.generics.LongPollingBot.onUpdatesReceived(LongPollingBot.java:27)
	at org.telegram.telegrambots.updatesreceivers.DefaultBotSession$HandlerThread.run(DefaultBotSession.java:317)
2022-04-29 21:16:02,337 ERROR org.telegram.telegrambots.updatesreceivers.DefaultBotSession$HandlerThread [GreenJokerEn_bot Telegram Executor] text is marked non-null but is null
java.lang.NullPointerException: text is marked non-null but is null
	at org.telegram.telegrambots.meta.api.methods.send.SendMessage.setText(SendMessage.java:35)
	at by.semashko.greenjokerquestbot.bot.keyboard.InlineKeyboardMarkupBuilder.build(InlineKeyboardMarkupBuilder.java:70)
	at by.semashko.greenjokerquestbot.bot.handler.message.SettingMessageHandler.getButtonAddToChat(SettingMessageHandler.java:35)
	at by.semashko.greenjokerquestbot.bot.handler.message.SettingMessageHandler.handle(SettingMessageHandler.java:27)
	at by.semashko.greenjokerquestbot.bot.handler.BotEventHandler.handleTextMessageByEvent(BotEventHandler.java:35)
	at by.semashko.greenjokerquestbot.bot.UpdateReceiver.handleUpdate(UpdateReceiver.java:39)
	at by.semashko.greenjokerquestbot.bot.GJBot.onUpdateReceived(GJBot.java:44)
	at java.base/java.util.ArrayList.forEach(ArrayList.java:1541)
	at org.telegram.telegrambots.meta.generics.LongPollingBot.onUpdatesReceived(LongPollingBot.java:27)
	at org.telegram.telegrambots.updatesreceivers.DefaultBotSession$HandlerThread.run(DefaultBotSession.java:317)
2022-04-29 21:19:31,130 INFO org.springframework.boot.StartupInfoLogger [restartedMain] Starting GreenjokerquestbotApplication using Java 11.0.14 on DESKTOP-U6B0CBP with PID 14232 (C:\Users\93_vi\IdeaProjects\greenjokerbot\target\classes started by 93_vi in C:\Users\93_vi\IdeaProjects\greenjokerbot)
2022-04-29 21:19:31,133 INFO org.springframework.boot.SpringApplication [restartedMain] No active profile set, falling back to 1 default profile: "default"
2022-04-29 21:19:31,170 INFO org.springframework.boot.logging.DeferredLog [restartedMain] Devtools property defaults active! Set 'spring.devtools.add-properties' to 'false' to disable
2022-04-29 21:19:31,171 INFO org.springframework.boot.logging.DeferredLog [restartedMain] For additional web related logging consider setting the 'logging.level.web' property to 'DEBUG'
2022-04-29 21:19:32,020 INFO org.springframework.boot.web.embedded.tomcat.TomcatWebServer [restartedMain] Tomcat initialized with port(s): 8080 (http)
2022-04-29 21:19:32,029 INFO org.apache.juli.logging.DirectJDKLog [restartedMain] Initializing ProtocolHandler ["http-nio-8080"]
2022-04-29 21:19:32,030 INFO org.apache.juli.logging.DirectJDKLog [restartedMain] Starting service [Tomcat]
2022-04-29 21:19:32,031 INFO org.apache.juli.logging.DirectJDKLog [restartedMain] Starting Servlet engine: [Apache Tomcat/9.0.62]
2022-04-29 21:19:32,139 INFO org.apache.juli.logging.DirectJDKLog [restartedMain] Initializing Spring embedded WebApplicationContext
2022-04-29 21:19:32,140 INFO org.springframework.boot.web.servlet.context.ServletWebServerApplicationContext [restartedMain] Root WebApplicationContext: initialization completed in 969 ms
2022-04-29 21:19:32,612 INFO org.springframework.boot.devtools.autoconfigure.OptionalLiveReloadServer [restartedMain] LiveReload server is running on port 35729
2022-04-29 21:19:33,224 INFO org.apache.juli.logging.DirectJDKLog [restartedMain] Starting ProtocolHandler ["http-nio-8080"]
2022-04-29 21:19:33,259 INFO org.springframework.boot.web.embedded.tomcat.TomcatWebServer [restartedMain] Tomcat started on port(s): 8080 (http) with context path ''
2022-04-29 21:19:33,279 INFO org.springframework.boot.StartupInfoLogger [restartedMain] Started GreenjokerquestbotApplication in 2.439 seconds (JVM running for 3.329)
2022-04-29 21:19:50,371 ERROR org.telegram.telegrambots.updatesreceivers.DefaultBotSession$HandlerThread [GreenJokerEn_bot Telegram Executor] text is marked non-null but is null
java.lang.NullPointerException: text is marked non-null but is null
	at org.telegram.telegrambots.meta.api.methods.send.SendMessage.setText(SendMessage.java:35)
	at by.semashko.greenjokerquestbot.bot.keyboard.InlineKeyboardMarkupBuilder.build(InlineKeyboardMarkupBuilder.java:70)
	at by.semashko.greenjokerquestbot.bot.handler.message.SettingMessageHandler.getButtonAddToChat(SettingMessageHandler.java:35)
	at by.semashko.greenjokerquestbot.bot.handler.message.SettingMessageHandler.handle(SettingMessageHandler.java:27)
	at by.semashko.greenjokerquestbot.bot.handler.BotEventHandler.handleTextMessageByEvent(BotEventHandler.java:35)
	at by.semashko.greenjokerquestbot.bot.UpdateReceiver.handleUpdate(UpdateReceiver.java:39)
	at by.semashko.greenjokerquestbot.bot.GJBot.onUpdateReceived(GJBot.java:44)
	at java.base/java.util.ArrayList.forEach(ArrayList.java:1541)
	at org.telegram.telegrambots.meta.generics.LongPollingBot.onUpdatesReceived(LongPollingBot.java:27)
	at org.telegram.telegrambots.updatesreceivers.DefaultBotSession$HandlerThread.run(DefaultBotSession.java:317)
2022-04-29 21:22:15,251 INFO org.springframework.boot.StartupInfoLogger [restartedMain] Starting GreenjokerquestbotApplication using Java 11.0.14 on DESKTOP-U6B0CBP with PID 6096 (C:\Users\93_vi\IdeaProjects\greenjokerbot\target\classes started by 93_vi in C:\Users\93_vi\IdeaProjects\greenjokerbot)
2022-04-29 21:22:15,253 INFO org.springframework.boot.SpringApplication [restartedMain] No active profile set, falling back to 1 default profile: "default"
2022-04-29 21:22:15,291 INFO org.springframework.boot.logging.DeferredLog [restartedMain] Devtools property defaults active! Set 'spring.devtools.add-properties' to 'false' to disable
2022-04-29 21:22:15,292 INFO org.springframework.boot.logging.DeferredLog [restartedMain] For additional web related logging consider setting the 'logging.level.web' property to 'DEBUG'
2022-04-29 21:22:16,161 INFO org.springframework.boot.web.embedded.tomcat.TomcatWebServer [restartedMain] Tomcat initialized with port(s): 8080 (http)
2022-04-29 21:22:16,168 INFO org.apache.juli.logging.DirectJDKLog [restartedMain] Initializing ProtocolHandler ["http-nio-8080"]
2022-04-29 21:22:16,169 INFO org.apache.juli.logging.DirectJDKLog [restartedMain] Starting service [Tomcat]
2022-04-29 21:22:16,169 INFO org.apache.juli.logging.DirectJDKLog [restartedMain] Starting Servlet engine: [Apache Tomcat/9.0.62]
2022-04-29 21:22:16,278 INFO org.apache.juli.logging.DirectJDKLog [restartedMain] Initializing Spring embedded WebApplicationContext
2022-04-29 21:22:16,279 INFO org.springframework.boot.web.servlet.context.ServletWebServerApplicationContext [restartedMain] Root WebApplicationContext: initialization completed in 986 ms
2022-04-29 21:22:16,828 INFO org.springframework.boot.devtools.autoconfigure.OptionalLiveReloadServer [restartedMain] LiveReload server is running on port 35729
2022-04-29 21:22:17,381 INFO org.apache.juli.logging.DirectJDKLog [restartedMain] Starting ProtocolHandler ["http-nio-8080"]
2022-04-29 21:22:17,416 INFO org.springframework.boot.web.embedded.tomcat.TomcatWebServer [restartedMain] Tomcat started on port(s): 8080 (http) with context path ''
2022-04-29 21:22:17,433 INFO org.springframework.boot.StartupInfoLogger [restartedMain] Started GreenjokerquestbotApplication in 2.476 seconds (JVM running for 3.386)
2022-04-29 21:24:16,449 INFO org.springframework.boot.StartupInfoLogger [restartedMain] Starting GreenjokerquestbotApplication using Java 11.0.14 on DESKTOP-U6B0CBP with PID 11908 (C:\Users\93_vi\IdeaProjects\greenjokerbot\target\classes started by 93_vi in C:\Users\93_vi\IdeaProjects\greenjokerbot)
2022-04-29 21:24:16,452 INFO org.springframework.boot.SpringApplication [restartedMain] No active profile set, falling back to 1 default profile: "default"
2022-04-29 21:24:16,486 INFO org.springframework.boot.logging.DeferredLog [restartedMain] Devtools property defaults active! Set 'spring.devtools.add-properties' to 'false' to disable
2022-04-29 21:24:16,486 INFO org.springframework.boot.logging.DeferredLog [restartedMain] For additional web related logging consider setting the 'logging.level.web' property to 'DEBUG'
2022-04-29 21:24:17,312 INFO org.springframework.boot.web.embedded.tomcat.TomcatWebServer [restartedMain] Tomcat initialized with port(s): 8080 (http)
2022-04-29 21:24:17,319 INFO org.apache.juli.logging.DirectJDKLog [restartedMain] Initializing ProtocolHandler ["http-nio-8080"]
2022-04-29 21:24:17,320 INFO org.apache.juli.logging.DirectJDKLog [restartedMain] Starting service [Tomcat]
2022-04-29 21:24:17,320 INFO org.apache.juli.logging.DirectJDKLog [restartedMain] Starting Servlet engine: [Apache Tomcat/9.0.62]
2022-04-29 21:24:17,444 INFO org.apache.juli.logging.DirectJDKLog [restartedMain] Initializing Spring embedded WebApplicationContext
2022-04-29 21:24:17,445 INFO org.springframework.boot.web.servlet.context.ServletWebServerApplicationContext [restartedMain] Root WebApplicationContext: initialization completed in 957 ms
2022-04-29 21:24:18,092 INFO org.springframework.boot.devtools.autoconfigure.OptionalLiveReloadServer [restartedMain] LiveReload server is running on port 35729
2022-04-29 21:24:18,647 INFO org.apache.juli.logging.DirectJDKLog [restartedMain] Starting ProtocolHandler ["http-nio-8080"]
2022-04-29 21:24:18,670 INFO org.springframework.boot.web.embedded.tomcat.TomcatWebServer [restartedMain] Tomcat started on port(s): 8080 (http) with context path ''
2022-04-29 21:24:18,682 INFO org.springframework.boot.StartupInfoLogger [restartedMain] Started GreenjokerquestbotApplication in 2.522 seconds (JVM running for 3.408)
2022-04-29 21:44:15,944 INFO org.springframework.boot.StartupInfoLogger [restartedMain] Starting GreenjokerquestbotApplication using Java 11.0.14 on DESKTOP-U6B0CBP with PID 8384 (C:\Users\93_vi\IdeaProjects\greenjokerbot\target\classes started by 93_vi in C:\Users\93_vi\IdeaProjects\greenjokerbot)
2022-04-29 21:44:15,947 INFO org.springframework.boot.SpringApplication [restartedMain] No active profile set, falling back to 1 default profile: "default"
2022-04-29 21:44:15,985 INFO org.springframework.boot.logging.DeferredLog [restartedMain] Devtools property defaults active! Set 'spring.devtools.add-properties' to 'false' to disable
2022-04-29 21:44:15,985 INFO org.springframework.boot.logging.DeferredLog [restartedMain] For additional web related logging consider setting the 'logging.level.web' property to 'DEBUG'
2022-04-29 21:44:16,802 INFO org.springframework.boot.web.embedded.tomcat.TomcatWebServer [restartedMain] Tomcat initialized with port(s): 8080 (http)
2022-04-29 21:44:16,810 INFO org.apache.juli.logging.DirectJDKLog [restartedMain] Initializing ProtocolHandler ["http-nio-8080"]
2022-04-29 21:44:16,810 INFO org.apache.juli.logging.DirectJDKLog [restartedMain] Starting service [Tomcat]
2022-04-29 21:44:16,810 INFO org.apache.juli.logging.DirectJDKLog [restartedMain] Starting Servlet engine: [Apache Tomcat/9.0.62]
2022-04-29 21:44:16,898 INFO org.apache.juli.logging.DirectJDKLog [restartedMain] Initializing Spring embedded WebApplicationContext
2022-04-29 21:44:16,898 INFO org.springframework.boot.web.servlet.context.ServletWebServerApplicationContext [restartedMain] Root WebApplicationContext: initialization completed in 912 ms
2022-04-29 21:44:17,498 INFO org.springframework.boot.devtools.autoconfigure.OptionalLiveReloadServer [restartedMain] LiveReload server is running on port 35729
2022-04-29 21:44:18,092 INFO org.apache.juli.logging.DirectJDKLog [restartedMain] Starting ProtocolHandler ["http-nio-8080"]
2022-04-29 21:44:18,112 INFO org.springframework.boot.web.embedded.tomcat.TomcatWebServer [restartedMain] Tomcat started on port(s): 8080 (http) with context path ''
2022-04-29 21:44:18,125 INFO org.springframework.boot.StartupInfoLogger [restartedMain] Started GreenjokerquestbotApplication in 2.472 seconds (JVM running for 3.367)
2022-04-29 21:48:08,498 INFO org.springframework.boot.StartupInfoLogger [restartedMain] Starting GreenjokerquestbotApplication using Java 11.0.14 on DESKTOP-U6B0CBP with PID 9316 (C:\Users\93_vi\IdeaProjects\greenjokerbot\target\classes started by 93_vi in C:\Users\93_vi\IdeaProjects\greenjokerbot)
2022-04-29 21:48:08,501 INFO org.springframework.boot.SpringApplication [restartedMain] No active profile set, falling back to 1 default profile: "default"
2022-04-29 21:48:08,538 INFO org.springframework.boot.logging.DeferredLog [restartedMain] Devtools property defaults active! Set 'spring.devtools.add-properties' to 'false' to disable
2022-04-29 21:48:08,539 INFO org.springframework.boot.logging.DeferredLog [restartedMain] For additional web related logging consider setting the 'logging.level.web' property to 'DEBUG'
2022-04-29 21:48:09,454 INFO org.springframework.boot.web.embedded.tomcat.TomcatWebServer [restartedMain] Tomcat initialized with port(s): 8080 (http)
2022-04-29 21:48:09,465 INFO org.apache.juli.logging.DirectJDKLog [restartedMain] Initializing ProtocolHandler ["http-nio-8080"]
2022-04-29 21:48:09,465 INFO org.apache.juli.logging.DirectJDKLog [restartedMain] Starting service [Tomcat]
2022-04-29 21:48:09,466 INFO org.apache.juli.logging.DirectJDKLog [restartedMain] Starting Servlet engine: [Apache Tomcat/9.0.62]
2022-04-29 21:48:09,572 INFO org.apache.juli.logging.DirectJDKLog [restartedMain] Initializing Spring embedded WebApplicationContext
2022-04-29 21:48:09,572 INFO org.springframework.boot.web.servlet.context.ServletWebServerApplicationContext [restartedMain] Root WebApplicationContext: initialization completed in 1033 ms
2022-04-29 21:48:10,155 INFO org.springframework.boot.devtools.autoconfigure.OptionalLiveReloadServer [restartedMain] LiveReload server is running on port 35729
2022-04-29 21:48:10,667 INFO org.apache.juli.logging.DirectJDKLog [restartedMain] Starting ProtocolHandler ["http-nio-8080"]
2022-04-29 21:48:10,688 INFO org.springframework.boot.web.embedded.tomcat.TomcatWebServer [restartedMain] Tomcat started on port(s): 8080 (http) with context path ''
2022-04-29 21:48:10,703 INFO org.springframework.boot.StartupInfoLogger [restartedMain] Started GreenjokerquestbotApplication in 2.505 seconds (JVM running for 3.42)
2022-04-29 22:14:17,841 INFO org.springframework.boot.StartupInfoLogger [restartedMain] Starting GreenjokerquestbotApplication using Java 11.0.14 on DESKTOP-U6B0CBP with PID 11120 (C:\Users\93_vi\IdeaProjects\greenjokerbot\target\classes started by 93_vi in C:\Users\93_vi\IdeaProjects\greenjokerbot)
2022-04-29 22:14:17,844 INFO org.springframework.boot.SpringApplication [restartedMain] No active profile set, falling back to 1 default profile: "default"
2022-04-29 22:14:17,879 INFO org.springframework.boot.logging.DeferredLog [restartedMain] Devtools property defaults active! Set 'spring.devtools.add-properties' to 'false' to disable
2022-04-29 22:14:17,880 INFO org.springframework.boot.logging.DeferredLog [restartedMain] For additional web related logging consider setting the 'logging.level.web' property to 'DEBUG'
2022-04-29 22:14:18,661 INFO org.springframework.boot.web.embedded.tomcat.TomcatWebServer [restartedMain] Tomcat initialized with port(s): 8080 (http)
2022-04-29 22:14:18,669 INFO org.apache.juli.logging.DirectJDKLog [restartedMain] Initializing ProtocolHandler ["http-nio-8080"]
2022-04-29 22:14:18,670 INFO org.apache.juli.logging.DirectJDKLog [restartedMain] Starting service [Tomcat]
2022-04-29 22:14:18,670 INFO org.apache.juli.logging.DirectJDKLog [restartedMain] Starting Servlet engine: [Apache Tomcat/9.0.62]
2022-04-29 22:14:18,750 INFO org.apache.juli.logging.DirectJDKLog [restartedMain] Initializing Spring embedded WebApplicationContext
2022-04-29 22:14:18,751 INFO org.springframework.boot.web.servlet.context.ServletWebServerApplicationContext [restartedMain] Root WebApplicationContext: initialization completed in 871 ms
2022-04-29 22:14:19,355 INFO org.springframework.boot.devtools.autoconfigure.OptionalLiveReloadServer [restartedMain] LiveReload server is running on port 35729
2022-04-29 22:14:19,904 INFO org.apache.juli.logging.DirectJDKLog [restartedMain] Starting ProtocolHandler ["http-nio-8080"]
2022-04-29 22:14:19,922 INFO org.springframework.boot.web.embedded.tomcat.TomcatWebServer [restartedMain] Tomcat started on port(s): 8080 (http) with context path ''
2022-04-29 22:14:19,934 INFO org.springframework.boot.StartupInfoLogger [restartedMain] Started GreenjokerquestbotApplication in 2.386 seconds (JVM running for 3.226)
2022-04-29 22:43:14,904 INFO org.springframework.boot.StartupInfoLogger [restartedMain] Starting GreenjokerquestbotApplication using Java 11.0.14 on DESKTOP-U6B0CBP with PID 1880 (C:\Users\93_vi\IdeaProjects\greenjokerbot\target\classes started by 93_vi in C:\Users\93_vi\IdeaProjects\greenjokerbot)
2022-04-29 22:43:14,907 INFO org.springframework.boot.SpringApplication [restartedMain] No active profile set, falling back to 1 default profile: "default"
2022-04-29 22:43:14,942 INFO org.springframework.boot.logging.DeferredLog [restartedMain] Devtools property defaults active! Set 'spring.devtools.add-properties' to 'false' to disable
2022-04-29 22:43:14,943 INFO org.springframework.boot.logging.DeferredLog [restartedMain] For additional web related logging consider setting the 'logging.level.web' property to 'DEBUG'
2022-04-29 22:43:15,874 INFO org.springframework.boot.web.embedded.tomcat.TomcatWebServer [restartedMain] Tomcat initialized with port(s): 8080 (http)
2022-04-29 22:43:15,892 INFO org.apache.juli.logging.DirectJDKLog [restartedMain] Initializing ProtocolHandler ["http-nio-8080"]
2022-04-29 22:43:15,893 INFO org.apache.juli.logging.DirectJDKLog [restartedMain] Starting service [Tomcat]
2022-04-29 22:43:15,894 INFO org.apache.juli.logging.DirectJDKLog [restartedMain] Starting Servlet engine: [Apache Tomcat/9.0.62]
2022-04-29 22:43:16,028 INFO org.apache.juli.logging.DirectJDKLog [restartedMain] Initializing Spring embedded WebApplicationContext
2022-04-29 22:43:16,029 INFO org.springframework.boot.web.servlet.context.ServletWebServerApplicationContext [restartedMain] Root WebApplicationContext: initialization completed in 1086 ms
2022-04-29 22:43:16,559 INFO org.springframework.boot.devtools.autoconfigure.OptionalLiveReloadServer [restartedMain] LiveReload server is running on port 35729
2022-04-29 22:43:17,099 INFO org.apache.juli.logging.DirectJDKLog [restartedMain] Starting ProtocolHandler ["http-nio-8080"]
2022-04-29 22:43:17,134 INFO org.springframework.boot.web.embedded.tomcat.TomcatWebServer [restartedMain] Tomcat started on port(s): 8080 (http) with context path ''
2022-04-29 22:43:17,149 INFO org.springframework.boot.StartupInfoLogger [restartedMain] Started GreenjokerquestbotApplication in 2.543 seconds (JVM running for 3.457)
