2022-04-28 21:04:19,862 INFO org.springframework.boot.StartupInfoLogger [restartedMain] Starting GreenjokerquestbotApplication using Java 11.0.14 on DESKTOP-U6B0CBP with PID 11864 (C:\Users\93_vi\IdeaProjects\greenjokerbot\target\classes started by 93_vi in C:\Users\93_vi\IdeaProjects\greenjokerbot)
2022-04-28 21:04:19,865 INFO org.springframework.boot.SpringApplication [restartedMain] No active profile set, falling back to 1 default profile: "default"
2022-04-28 21:04:19,904 INFO org.springframework.boot.logging.DeferredLog [restartedMain] Devtools property defaults active! Set 'spring.devtools.add-properties' to 'false' to disable
2022-04-28 21:04:19,904 INFO org.springframework.boot.logging.DeferredLog [restartedMain] For additional web related logging consider setting the 'logging.level.web' property to 'DEBUG'
2022-04-28 21:04:20,819 INFO org.springframework.boot.web.embedded.tomcat.TomcatWebServer [restartedMain] Tomcat initialized with port(s): 8080 (http)
2022-04-28 21:04:20,828 INFO org.apache.juli.logging.DirectJDKLog [restartedMain] Initializing ProtocolHandler ["http-nio-8080"]
2022-04-28 21:04:20,828 INFO org.apache.juli.logging.DirectJDKLog [restartedMain] Starting service [Tomcat]
2022-04-28 21:04:20,828 INFO org.apache.juli.logging.DirectJDKLog [restartedMain] Starting Servlet engine: [Apache Tomcat/9.0.62]
2022-04-28 21:04:20,976 INFO org.apache.juli.logging.DirectJDKLog [restartedMain] Initializing Spring embedded WebApplicationContext
2022-04-28 21:04:20,976 INFO org.springframework.boot.web.servlet.context.ServletWebServerApplicationContext [restartedMain] Root WebApplicationContext: initialization completed in 1071 ms
2022-04-28 21:04:21,587 INFO org.springframework.boot.devtools.autoconfigure.OptionalLiveReloadServer [restartedMain] LiveReload server is running on port 35729
2022-04-28 21:04:22,256 INFO org.apache.juli.logging.DirectJDKLog [restartedMain] Starting ProtocolHandler ["http-nio-8080"]
2022-04-28 21:04:22,279 INFO org.springframework.boot.web.embedded.tomcat.TomcatWebServer [restartedMain] Tomcat started on port(s): 8080 (http) with context path ''
2022-04-28 21:04:22,292 INFO org.springframework.boot.StartupInfoLogger [restartedMain] Started GreenjokerquestbotApplication in 2.768 seconds (JVM running for 3.87)
2022-04-28 21:04:22,887 ERROR org.telegram.telegrambots.updatesreceivers.DefaultBotSession$HandlerThread [GreenJokerEn_bot Telegram Executor] null
java.lang.NullPointerException: null
	at by.semashko.greenjokerquestbot.bot.UpdateReceiver.handleUpdate(UpdateReceiver.java:36)
	at by.semashko.greenjokerquestbot.bot.GJBot.onUpdateReceived(GJBot.java:44)
	at java.base/java.util.ArrayList.forEach(ArrayList.java:1541)
	at org.telegram.telegrambots.meta.generics.LongPollingBot.onUpdatesReceived(LongPollingBot.java:27)
	at org.telegram.telegrambots.updatesreceivers.DefaultBotSession$HandlerThread.run(DefaultBotSession.java:317)
